C:\USERS\ADMINISTRATOR\DESKTOP\11月27日\A与相对状态使方差分离20170103非差周跳以及W检验 +精密星历\DEBUG\SATODS(DF).EXE
C:\USERS\ADMINISTRATOR\DESKTOP\11月27日\A与相对状态使方差分离20170103非差周跳以及W检验 +精密星历\DEBUG\SATODS(DF).ILK
C:\USERS\ADMINISTRATOR\DESKTOP\11月27日\A与相对状态使方差分离20170103非差周跳以及W检验 +精密星历\DEBUG\SATODS(DF).PDB
C:\Users\Administrator\Desktop\11月27日\A与相对状态使方差分离20170103非差周跳以及w检验 +精密星历\SATODS(DF)\Debug\cl.command.1.tlog
C:\Users\Administrator\Desktop\11月27日\A与相对状态使方差分离20170103非差周跳以及w检验 +精密星历\SATODS(DF)\Debug\CL.read.1.tlog
C:\Users\Administrator\Desktop\11月27日\A与相对状态使方差分离20170103非差周跳以及w检验 +精密星历\SATODS(DF)\Debug\CL.write.1.tlog
C:\USERS\ADMINISTRATOR\DESKTOP\11月27日\A与相对状态使方差分离20170103非差周跳以及W检验 +精密星历\SATODS(DF)\DEBUG\COMMONFUNCS.OBJ
C:\USERS\ADMINISTRATOR\DESKTOP\11月27日\A与相对状态使方差分离20170103非差周跳以及W检验 +精密星历\SATODS(DF)\DEBUG\DATAPROCESS.OBJ
C:\USERS\ADMINISTRATOR\DESKTOP\11月27日\A与相对状态使方差分离20170103非差周跳以及W检验 +精密星历\SATODS(DF)\DEBUG\DYNAMODEL.OBJ
C:\USERS\ADMINISTRATOR\DESKTOP\11月27日\A与相对状态使方差分离20170103非差周跳以及W检验 +精密星历\SATODS(DF)\DEBUG\EKFILTER.OBJ
C:\USERS\ADMINISTRATOR\DESKTOP\11月27日\A与相对状态使方差分离20170103非差周跳以及W检验 +精密星历\SATODS(DF)\DEBUG\EPHPROC.OBJ
C:\USERS\ADMINISTRATOR\DESKTOP\11月27日\A与相对状态使方差分离20170103非差周跳以及W检验 +精密星历\SATODS(DF)\DEBUG\GPSTIME.OBJ
C:\Users\Administrator\Desktop\11月27日\A与相对状态使方差分离20170103非差周跳以及w检验 +精密星历\SATODS(DF)\Debug\link.command.1.tlog
C:\Users\Administrator\Desktop\11月27日\A与相对状态使方差分离20170103非差周跳以及w检验 +精密星历\SATODS(DF)\Debug\link.read.1.tlog
C:\Users\Administrator\Desktop\11月27日\A与相对状态使方差分离20170103非差周跳以及w检验 +精密星历\SATODS(DF)\Debug\link.write.1.tlog
C:\Users\Administrator\Desktop\11月27日\A与相对状态使方差分离20170103非差周跳以及w检验 +精密星历\SATODS(DF)\Debug\link-cvtres.read.1.tlog
C:\Users\Administrator\Desktop\11月27日\A与相对状态使方差分离20170103非差周跳以及w检验 +精密星历\SATODS(DF)\Debug\link-cvtres.write.1.tlog
C:\Users\Administrator\Desktop\11月27日\A与相对状态使方差分离20170103非差周跳以及w检验 +精密星历\SATODS(DF)\Debug\mt.command.1.tlog
C:\Users\Administrator\Desktop\11月27日\A与相对状态使方差分离20170103非差周跳以及w检验 +精密星历\SATODS(DF)\Debug\mt.read.1.tlog
C:\Users\Administrator\Desktop\11月27日\A与相对状态使方差分离20170103非差周跳以及w检验 +精密星历\SATODS(DF)\Debug\mt.write.1.tlog
C:\USERS\ADMINISTRATOR\DESKTOP\11月27日\A与相对状态使方差分离20170103非差周跳以及W检验 +精密星历\SATODS(DF)\DEBUG\ORBITINTEG.OBJ
C:\USERS\ADMINISTRATOR\DESKTOP\11月27日\A与相对状态使方差分离20170103非差周跳以及W检验 +精密星历\SATODS(DF)\DEBUG\ORBPARATRAN.OBJ
C:\USERS\ADMINISTRATOR\DESKTOP\11月27日\A与相对状态使方差分离20170103非差周跳以及W检验 +精密星历\SATODS(DF)\DEBUG\OUTFORMAT.OBJ
C:\USERS\ADMINISTRATOR\DESKTOP\11月27日\A与相对状态使方差分离20170103非差周跳以及W检验 +精密星历\SATODS(DF)\DEBUG\PHASECENT_COR.OBJ
C:\USERS\ADMINISTRATOR\DESKTOP\11月27日\A与相对状态使方差分离20170103非差周跳以及W检验 +精密星历\SATODS(DF)\DEBUG\QUALITYCHECK.OBJ
C:\Users\Administrator\Desktop\11月27日\A与相对状态使方差分离20170103非差周跳以及w检验 +精密星历\SATODS(DF)\Debug\rc.command.1.tlog
C:\Users\Administrator\Desktop\11月27日\A与相对状态使方差分离20170103非差周跳以及w检验 +精密星历\SATODS(DF)\Debug\rc.read.1.tlog
C:\Users\Administrator\Desktop\11月27日\A与相对状态使方差分离20170103非差周跳以及w检验 +精密星历\SATODS(DF)\Debug\rc.write.1.tlog
C:\USERS\ADMINISTRATOR\DESKTOP\11月27日\A与相对状态使方差分离20170103非差周跳以及W检验 +精密星历\SATODS(DF)\DEBUG\READLEVEL1B.OBJ
C:\USERS\ADMINISTRATOR\DESKTOP\11月27日\A与相对状态使方差分离20170103非差周跳以及W检验 +精密星历\SATODS(DF)\DEBUG\READOBS.OBJ
C:\USERS\ADMINISTRATOR\DESKTOP\11月27日\A与相对状态使方差分离20170103非差周跳以及W检验 +精密星历\SATODS(DF)\DEBUG\READPREORBIT.OBJ
C:\USERS\ADMINISTRATOR\DESKTOP\11月27日\A与相对状态使方差分离20170103非差周跳以及W检验 +精密星历\SATODS(DF)\DEBUG\REFSYS.OBJ
C:\USERS\ADMINISTRATOR\DESKTOP\11月27日\A与相对状态使方差分离20170103非差周跳以及W检验 +精密星历\SATODS(DF)\DEBUG\RTOD.OBJ
C:\USERS\ADMINISTRATOR\DESKTOP\11月27日\A与相对状态使方差分离20170103非差周跳以及W检验 +精密星历\SATODS(DF)\DEBUG\SATODS(DF).EXE.EMBED.MANIFEST
C:\USERS\ADMINISTRATOR\DESKTOP\11月27日\A与相对状态使方差分离20170103非差周跳以及W检验 +精密星历\SATODS(DF)\DEBUG\SATODS(DF).EXE.EMBED.MANIFEST.RES
C:\USERS\ADMINISTRATOR\DESKTOP\11月27日\A与相对状态使方差分离20170103非差周跳以及W检验 +精密星历\SATODS(DF)\DEBUG\SATODS(DF).EXE.INTERMEDIATE.MANIFEST
C:\Users\Administrator\Desktop\11月27日\A与相对状态使方差分离20170103非差周跳以及w检验 +精密星历\SATODS(DF)\Debug\SATODS(DF).write.1.tlog
C:\Users\Administrator\Desktop\11月27日\A与相对状态使方差分离20170103非差周跳以及w检验 +精密星历\SATODS(DF)\Debug\SATODS(DF)_manifest.rc
C:\USERS\ADMINISTRATOR\DESKTOP\11月27日\A与相对状态使方差分离20170103非差周跳以及W检验 +精密星历\SATODS(DF)\DEBUG\SATODS.OBJ
C:\USERS\ADMINISTRATOR\DESKTOP\11月27日\A与相对状态使方差分离20170103非差周跳以及W检验 +精密星历\SATODS(DF)\DEBUG\TRACE.OBJ
C:\Users\Administrator\Desktop\11月27日\A与相对状态使方差分离20170103非差周跳以及w检验 +精密星历\SATODS(DF)\Debug\vc100.idb
C:\USERS\ADMINISTRATOR\DESKTOP\11月27日\A与相对状态使方差分离20170103非差周跳以及W检验 +精密星历\SATODS(DF)\DEBUG\VC100.PDB
